
> app@0.0.1 dev
> vite dev --host 0.0.0.0 --port 3000


  VITE v8.0.16  ready in 1593 ms

  ➜  Local:   http://localhost:3000/
  ➜  Network: http://192.168.0.2:3000/
PRAGMA journal_mode = WAL
CREATE TABLE IF NOT EXISTS users (
    id TEXT PRIMARY KEY,
    email TEXT UNIQUE NOT NULL,
    password_hash TEXT NOT NULL,
    name TEXT NOT NULL
  );
CREATE TABLE IF NOT EXISTS sessions (
    id TEXT PRIMARY KEY,
    user_id TEXT NOT NULL,
    expires_at INTEGER NOT NULL,
    FOREIGN KEY(user_id) REFERENCES users(id) ON DELETE CASCADE
  );
CREATE TABLE IF NOT EXISTS friends (
    user_id TEXT NOT NULL,
    friend_id TEXT NOT NULL,
    PRIMARY KEY (user_id, friend_id),
    FOREIGN KEY(user_id) REFERENCES users(id) ON DELETE CASCADE,
    FOREIGN KEY(friend_id) REFERENCES users(id) ON DELETE CASCADE
  );
CREATE TABLE IF NOT EXISTS letters (
    id TEXT PRIMARY KEY,
    from_city TEXT NOT NULL,
    to_city TEXT NOT NULL,
    sender_id TEXT NOT NULL,
    recipient_id TEXT NOT NULL,
    message TEXT NOT NULL,
    dispatch_time INTEGER NOT NULL,
    arrival_time INTEGER NOT NULL,
    email_sent INTEGER DEFAULT 0,
    FOREIGN KEY(sender_id) REFERENCES users(id) ON DELETE CASCADE,
    FOREIGN KEY(recipient_id) REFERENCES users(id) ON DELETE CASCADE
  );
SELECT id FROM users WHERE email = 'jane@example.com'

				INSERT INTO users (id, email, password_hash, name)
				VALUES ('19357453-3ff8-4041-a2a6-95a1dda7'/*+4 bytes*/, 'jane@example.com', '$2b$10$ANDl/LYzTAo5bgB8O8l4Bux6B'/*+28 bytes*/, 'Jane Austen')


				INSERT INTO sessions (id, user_id, expires_at)
				VALUES ('3678869c-fd54-40c9-b8ca-6a9b5d0f'/*+4 bytes*/, '19357453-3ff8-4041-a2a6-95a1dda7'/*+4 bytes*/, 1783185937080.0)


            SELECT users.id, users.email, users.name, sessions.expires_at
            FROM sessions
            INNER JOIN users ON sessions.user_id = users.id
            WHERE sessions.id = '3678869c-fd54-40c9-b8ca-6a9b5d0f'/*+4 bytes*/


		SELECT letters.id, letters.to_city, letters.dispatch_time, letters.arrival_time, users.name as recipient_name
		FROM letters
		INNER JOIN users ON letters.recipient_id = users.id
		WHERE letters.sender_id = '19357453-3ff8-4041-a2a6-95a1dda7'/*+4 bytes*/
		ORDER BY letters.dispatch_time DESC


		SELECT letters.id, letters.from_city, letters.dispatch_time, letters.arrival_time, users.name as sender_name
		FROM letters
		INNER JOIN users ON letters.sender_id = users.id
		WHERE letters.recipient_id = '19357453-3ff8-4041-a2a6-95a1dda7'/*+4 bytes*/
		ORDER BY letters.arrival_time DESC


            SELECT users.id, users.email, users.name, sessions.expires_at
            FROM sessions
            INNER JOIN users ON sessions.user_id = users.id
            WHERE sessions.id = '3678869c-fd54-40c9-b8ca-6a9b5d0f'/*+4 bytes*/

DELETE FROM sessions WHERE id = '3678869c-fd54-40c9-b8ca-6a9b5d0f'/*+4 bytes*/
SELECT id FROM users WHERE email = 'jane@example.com'
SELECT id FROM users WHERE email = 'jane@example.com'
SELECT id FROM users WHERE email = 'darcy@example.com'

				INSERT INTO users (id, email, password_hash, name)
				VALUES ('f8eeb9cf-bcfa-4ebe-92be-88a05109'/*+4 bytes*/, 'darcy@example.com', '$2b$10$yLt593U8cGadNf39fBKZb.2dC'/*+28 bytes*/, 'Mr. Darcy')


				INSERT INTO sessions (id, user_id, expires_at)
				VALUES ('c52882dc-5205-4448-9a5a-6c366123'/*+4 bytes*/, 'f8eeb9cf-bcfa-4ebe-92be-88a05109'/*+4 bytes*/, 1783186217253.0)


            SELECT users.id, users.email, users.name, sessions.expires_at
            FROM sessions
            INNER JOIN users ON sessions.user_id = users.id
            WHERE sessions.id = 'c52882dc-5205-4448-9a5a-6c366123'/*+4 bytes*/


		SELECT letters.id, letters.to_city, letters.dispatch_time, letters.arrival_time, users.name as recipient_name
		FROM letters
		INNER JOIN users ON letters.recipient_id = users.id
		WHERE letters.sender_id = 'f8eeb9cf-bcfa-4ebe-92be-88a05109'/*+4 bytes*/
		ORDER BY letters.dispatch_time DESC


		SELECT letters.id, letters.from_city, letters.dispatch_time, letters.arrival_time, users.name as sender_name
		FROM letters
		INNER JOIN users ON letters.sender_id = users.id
		WHERE letters.recipient_id = 'f8eeb9cf-bcfa-4ebe-92be-88a05109'/*+4 bytes*/
		ORDER BY letters.arrival_time DESC


            SELECT users.id, users.email, users.name, sessions.expires_at
            FROM sessions
            INNER JOIN users ON sessions.user_id = users.id
            WHERE sessions.id = 'c52882dc-5205-4448-9a5a-6c366123'/*+4 bytes*/


		SELECT users.id, users.name, users.email
		FROM friends
		INNER JOIN users ON friends.friend_id = users.id
		WHERE friends.user_id = 'f8eeb9cf-bcfa-4ebe-92be-88a05109'/*+4 bytes*/


            SELECT users.id, users.email, users.name, sessions.expires_at
            FROM sessions
            INNER JOIN users ON sessions.user_id = users.id
            WHERE sessions.id = 'c52882dc-5205-4448-9a5a-6c366123'/*+4 bytes*/

SELECT id FROM users WHERE email = 'jane@example.com'

				INSERT OR IGNORE INTO friends (user_id, friend_id) VALUES ('f8eeb9cf-bcfa-4ebe-92be-88a05109'/*+4 bytes*/, '19357453-3ff8-4041-a2a6-95a1dda7'/*+4 bytes*/), ('19357453-3ff8-4041-a2a6-95a1dda7'/*+4 bytes*/, 'f8eeb9cf-bcfa-4ebe-92be-88a05109'/*+4 bytes*/)


            SELECT users.id, users.email, users.name, sessions.expires_at
            FROM sessions
            INNER JOIN users ON sessions.user_id = users.id
            WHERE sessions.id = 'c52882dc-5205-4448-9a5a-6c366123'/*+4 bytes*/


		SELECT users.id, users.name, users.email
		FROM friends
		INNER JOIN users ON friends.friend_id = users.id
		WHERE friends.user_id = 'f8eeb9cf-bcfa-4ebe-92be-88a05109'/*+4 bytes*/


            SELECT users.id, users.email, users.name, sessions.expires_at
            FROM sessions
            INNER JOIN users ON sessions.user_id = users.id
            WHERE sessions.id = 'c52882dc-5205-4448-9a5a-6c366123'/*+4 bytes*/


      SELECT users.id, users.name, users.email
      FROM friends
      INNER JOIN users ON friends.friend_id = users.id
      WHERE friends.user_id = 'f8eeb9cf-bcfa-4ebe-92be-88a05109'/*+4 bytes*/


            SELECT users.id, users.email, users.name, sessions.expires_at
            FROM sessions
            INNER JOIN users ON sessions.user_id = users.id
            WHERE sessions.id = 'c52882dc-5205-4448-9a5a-6c366123'/*+4 bytes*/

SELECT 1 FROM friends WHERE user_id = 'f8eeb9cf-bcfa-4ebe-92be-88a05109'/*+4 bytes*/ AND friend_id = '19357453-3ff8-4041-a2a6-95a1dda7'/*+4 bytes*/

      INSERT INTO letters (id, from_city, to_city, sender_id, recipient_id, message, dispatch_time, arrival_time)
      VALUES ('6e28d4e5-f5c8-44d3-9e36-4857c92e'/*+4 bytes*/, 'Derbyshire, UK', 'London, UK', 'f8eeb9cf-bcfa-4ebe-92be-88a05109'/*+4 bytes*/, '19357453-3ff8-4041-a2a6-95a1dda7'/*+4 bytes*/, 'In vain I have struggled. It wil'/*+110 bytes*/, 1780594227204.0, 1780630398001.0)


            SELECT users.id, users.email, users.name, sessions.expires_at
            FROM sessions
            INNER JOIN users ON sessions.user_id = users.id
            WHERE sessions.id = 'c52882dc-5205-4448-9a5a-6c366123'/*+4 bytes*/


    SELECT letters.*,
           sender.name as sender,
           recipient.name as recipient
    FROM letters
    INNER JOIN users as sender ON letters.sender_id = sender.id
    INNER JOIN users as recipient ON letters.recipient_id = recipient.id
    WHERE letters.id = '6e28d4e5-f5c8-44d3-9e36-4857c92e'/*+4 bytes*/

5:33:47 PM [vite] (client) page reload .svelte-kit/generated/client/nodes/0.js
5:33:47 PM [vite] (client) page reload .svelte-kit/generated/client/nodes/1.js
5:33:47 PM [vite] (client) page reload .svelte-kit/generated/client/nodes/2.js
5:33:47 PM [vite] (client) page reload .svelte-kit/generated/client/nodes/3.js
5:33:47 PM [vite] (client) page reload .svelte-kit/generated/client/nodes/4.js
5:33:47 PM [vite] (client) page reload .svelte-kit/generated/client/nodes/7.js
5:33:47 PM [vite] (client) page reload .svelte-kit/generated/client/nodes/8.js
5:33:47 PM [vite] (client) page reload .svelte-kit/generated/client/app.js
5:33:47 PM [vite] (client) page reload .svelte-kit/generated/client/matchers.js
5:33:47 PM [vite] (ssr) page reload .svelte-kit/generated/server/internal.js
5:33:47 PM [vite] (client) page reload .svelte-kit/generated/root.js
5:33:47 PM [vite] (ssr) page reload .svelte-kit/generated/root.js
5:33:47 PM [vite] (ssr) page reload .svelte-kit/generated/root.svelte
